
[2026-02-23 08:31:36] local.ERROR: The "--columns" option does not exist. {"exception":"[object] (Symfony\\Component\\Console\\Exception\\RuntimeException(code: 0): The \"--columns\" option does not exist. at C:\\Users\\cjose\\Documents\\GitHub\\DICT-HELPDESK\\vendor\\symfony\\console\\Input\\ArgvInput.php:226)
[stacktrace]
#0 C:\\Users\\cjose\\Documents\\GitHub\\DICT-HELPDESK\\vendor\\symfony\\console\\Input\\ArgvInput.php(153): Symfony\\Component\\Console\\Input\\ArgvInput->addLongOption()
#1 C:\\Users\\cjose\\Documents\\GitHub\\DICT-HELPDESK\\vendor\\symfony\\console\\Input\\ArgvInput.php(88): Symfony\\Component\\Console\\Input\\ArgvInput->parseLongOption()
#2 C:\\Users\\cjose\\Documents\\GitHub\\DICT-HELPDESK\\vendor\\symfony\\console\\Input\\ArgvInput.php(77): Symfony\\Component\\Console\\Input\\ArgvInput->parseToken()
#3 C:\\Users\\cjose\\Documents\\GitHub\\DICT-HELPDESK\\vendor\\symfony\\console\\Input\\Input.php(53): Symfony\\Component\\Console\\Input\\ArgvInput->parse()
#4 C:\\Users\\cjose\\Documents\\GitHub\\DICT-HELPDESK\\vendor\\symfony\\console\\Command\\Command.php(276): Symfony\\Component\\Console\\Input\\Input->bind()
#5 C:\\Users\\cjose\\Documents\\GitHub\\DICT-HELPDESK\\vendor\\laravel\\framework\\src\\Illuminate\\Console\\Command.php(182): Symfony\\Component\\Console\\Command\\Command->run()
#6 C:\\Users\\cjose\\Documents\\GitHub\\DICT-HELPDESK\\vendor\\symfony\\console\\Application.php(1110): Illuminate\\Console\\Command->run()
#7 C:\\Users\\cjose\\Documents\\GitHub\\DICT-HELPDESK\\vendor\\symfony\\console\\Application.php(359): Symfony\\Component\\Console\\Application->doRunCommand()
#8 C:\\Users\\cjose\\Documents\\GitHub\\DICT-HELPDESK\\vendor\\symfony\\console\\Application.php(194): Symfony\\Component\\Console\\Application->doRun()
#9 C:\\Users\\cjose\\Documents\\GitHub\\DICT-HELPDESK\\vendor\\laravel\\framework\\src\\Illuminate\\Foundation\\Console\\Kernel.php(198): Symfony\\Component\\Console\\Application->run()
#10 C:\\Users\\cjose\\Documents\\GitHub\\DICT-HELPDESK\\artisan(35): Illuminate\\Foundation\\Console\\Kernel->handle()
#11 {main}
"} 
[2026-02-23 09:00:18] local.ERROR: SQLSTATE[23514]: Check violation: 7 ERROR:  new row for relation "users" violates check constraint "users_role_check"
DETAIL:  Failing row contains (10, TestDelete, TestDelete@gmail.com, 12341234123, iOne, null, $2y$12$gjuclHyUDSyfUkwNg2OvMOJZeGjrhqEUm8AfqfFWKECwCTNo8uzdG, t, null, 2026-02-23 05:37:27, 2026-02-23 09:00:18, technical). (Connection: pgsql, SQL: update "users" set "department" = iOne, "role" = technical, "updated_at" = 2026-02-23 09:00:18 where "id" = 10) {"userId":1,"exception":"[object] (Illuminate\\Database\\QueryException(code: 23514): SQLSTATE[23514]: Check violation: 7 ERROR:  new row for relation \"users\" violates check constraint \"users_role_check\"
DETAIL:  Failing row contains (10, TestDelete, TestDelete@gmail.com, 12341234123, iOne, null, $2y$12$gjuclHyUDSyfUkwNg2OvMOJZeGjrhqEUm8AfqfFWKECwCTNo8uzdG, t, null, 2026-02-23 05:37:27, 2026-02-23 09:00:18, technical). (Connection: pgsql, SQL: update \"users\" set \"department\" = iOne, \"role\" = technical, \"updated_at\" = 2026-02-23 09:00:18 where \"id\" = 10) at C:\\Users\\cjose\\Documents\\GitHub\\DICT-HELPDESK\\vendor\\laravel\\framework\\src\\Illuminate\\Database\\Connection.php:825)
[stacktrace]
#0 C:\\Users\\cjose\\Documents\\GitHub\\DICT-HELPDESK\\vendor\\laravel\\framework\\src\\Illuminate\\Database\\Connection.php(779): Illuminate\\Database\\Connection->runQueryCallback()
#1 C:\\Users\\cjose\\Documents\\GitHub\\DICT-HELPDESK\\vendor\\laravel\\framework\\src\\Illuminate\\Database\\Connection.php(584): Illuminate\\Database\\Connection->run()
#2 C:\\Users\\cjose\\Documents\\GitHub\\DICT-HELPDESK\\vendor\\laravel\\framework\\src\\Illuminate\\Database\\Connection.php(536): Illuminate\\Database\\Connection->affectingStatement()
#3 C:\\Users\\cjose\\Documents\\GitHub\\DICT-HELPDESK\\vendor\\laravel\\framework\\src\\Illuminate\\Database\\Query\\Builder.php(3830): Illuminate\\Database\\Connection->update()
#4 C:\\Users\\cjose\\Documents\\GitHub\\DICT-HELPDESK\\vendor\\laravel\\framework\\src\\Illuminate\\Database\\Eloquent\\Builder.php(1175): Illuminate\\Database\\Query\\Builder->update()
#5 C:\\Users\\cjose\\Documents\\GitHub\\DICT-HELPDESK\\vendor\\laravel\\framework\\src\\Illuminate\\Database\\Eloquent\\Model.php(1239): Illuminate\\Database\\Eloquent\\Builder->update()
#6 C:\\Users\\cjose\\Documents\\GitHub\\DICT-HELPDESK\\vendor\\laravel\\framework\\src\\Illuminate\\Database\\Eloquent\\Model.php(1156): Illuminate\\Database\\Eloquent\\Model->performUpdate()
#7 C:\\Users\\cjose\\Documents\\GitHub\\DICT-HELPDESK\\vendor\\laravel\\framework\\src\\Illuminate\\Database\\Eloquent\\Model.php(1014): Illuminate\\Database\\Eloquent\\Model->save()
#8 C:\\Users\\cjose\\Documents\\GitHub\\DICT-HELPDESK\\app\\Http\\Controllers\\Admin\\UserManagementController.php(208): Illuminate\\Database\\Eloquent\\Model->update()
#9 C:\\Users\\cjose\\Documents\\GitHub\\DICT-HELPDESK\\vendor\\laravel\\framework\\src\\Illuminate\\Routing\\Controller.php(54): App\\Http\\Controllers\\Admin\\UserManagementController->update()
#10 C:\\Users\\cjose\\Documents\\GitHub\\DICT-HELPDESK\\vendor\\laravel\\framework\\src\\Illuminate\\Routing\\ControllerDispatcher.php(44): Illuminate\\Routing\\Controller->callAction()
#11 C:\\Users\\cjose\\Documents\\GitHub\\DICT-HELPDESK\\vendor\\laravel\\framework\\src\\Illuminate\\Routing\\Route.php(266): Illuminate\\Routing\\ControllerDispatcher->dispatch()
#12 C:\\Users\\cjose\\Documents\\GitHub\\DICT-HELPDESK\\vendor\\laravel\\framework\\src\\Illuminate\\Routing\\Route.php(212): Illuminate\\Routing\\Route->runController()
#13 C:\\Users\\cjose\\Documents\\GitHub\\DICT-HELPDESK\\vendor\\laravel\\framework\\src\\Illuminate\\Routing\\Router.php(808): Illuminate\\Routing\\Route->run()
#14 C:\\Users\\cjose\\Documents\\GitHub\\DICT-HELPDESK\\vendor\\laravel\\framework\\src\\Illuminate\\Pipeline\\Pipeline.php(170): Illuminate\\Routing\\Router->Illuminate\\Routing\\{closure}()
#15 C:\\Users\\cjose\\Documents\\GitHub\\DICT-HELPDESK\\app\\Http\\Middleware\\RoleMiddleware.php(29): Illuminate\\Pipeline\\Pipeline->Illuminate\\Pipeline\\{closure}()
#16 C:\\Users\\cjose\\Documents\\GitHub\\DICT-HELPDESK\\vendor\\laravel\\framework\\src\\Illuminate\\Pipeline\\Pipeline.php(209): App\\Http\\Middleware\\RoleMiddleware->handle()
#17 C:\\Users\\cjose\\Documents\\GitHub\\DICT-HELPDESK\\app\\Http\\Middleware\\RoleMiddleware.php(29): Illuminate\\Pipeline\\Pipeline->Illuminate\\Pipeline\\{closure}()
#18 C:\\Users\\cjose\\Documents\\GitHub\\DICT-HELPDESK\\vendor\\laravel\\framework\\src\\Illuminate\\Pipeline\\Pipeline.php(209): App\\Http\\Middleware\\RoleMiddleware->handle()
#19 C:\\Users\\cjose\\Documents\\GitHub\\DICT-HELPDESK\\vendor\\laravel\\framework\\src\\Illuminate\\Routing\\Middleware\\SubstituteBindings.php(51): Illuminate\\Pipeline\\Pipeline->Illuminate\\Pipeline\\{closure}()
#20 C:\\Users\\cjose\\Documents\\GitHub\\DICT-HELPDESK\\vendor\\laravel\\framework\\src\\Illuminate\\Pipeline\\Pipeline.php(209): Illuminate\\Routing\\Middleware\\SubstituteBindings->handle()
#21 C:\\Users\\cjose\\Documents\\GitHub\\DICT-HELPDESK\\vendor\\laravel\\framework\\src\\Illuminate\\Auth\\Middleware\\Authenticate.php(64): Illuminate\\Pipeline\\Pipeline->Illuminate\\Pipeline\\{closure}()
#22 C:\\Users\\cjose\\Documents\\GitHub\\DICT-HELPDESK\\vendor\\laravel\\framework\\src\\Illuminate\\Pipeline\\Pipeline.php(209): Illuminate\\Auth\\Middleware\\Authenticate->handle()
#23 C:\\Users\\cjose\\Documents\\GitHub\\DICT-HELPDESK\\vendor\\laravel\\framework\\src\\Illuminate\\Foundation\\Http\\Middleware\\VerifyCsrfToken.php(88): Illuminate\\Pipeline\\Pipeline->Illuminate\\Pipeline\\{closure}()
#24 C:\\Users\\cjose\\Documents\\GitHub\\DICT-HELPDESK\\vendor\\laravel\\framework\\src\\Illuminate\\Pipeline\\Pipeline.php(209): Illuminate\\Foundation\\Http\\Middleware\\VerifyCsrfToken->handle()
#25 C:\\Users\\cjose\\Documents\\GitHub\\DICT-HELPDESK\\vendor\\laravel\\framework\\src\\Illuminate\\View\\Middleware\\ShareErrorsFromSession.php(49): Illuminate\\Pipeline\\Pipeline->Illuminate\\Pipeline\\{closure}()
#26 C:\\Users\\cjose\\Documents\\GitHub\\DICT-HELPDESK\\vendor\\laravel\\framework\\src\\Illuminate\\Pipeline\\Pipeline.php(209): Illuminate\\View\\Middleware\\ShareErrorsFromSession->handle()
#27 C:\\Users\\cjose\\Documents\\GitHub\\DICT-HELPDESK\\vendor\\laravel\\framework\\src\\Illuminate\\Session\\Middleware\\StartSession.php(121): Illuminate\\Pipeline\\Pipeline->Illuminate\\Pipeline\\{closure}()
#28 C:\\Users\\cjose\\Documents\\GitHub\\DICT-HELPDESK\\vendor\\laravel\\framework\\src\\Illuminate\\Session\\Middleware\\StartSession.php(64): Illuminate\\Session\\Middleware\\StartSession->handleStatefulRequest()
#29 C:\\Users\\cjose\\Documents\\GitHub\\DICT-HELPDESK\\vendor\\laravel\\framework\\src\\Illuminate\\Pipeline\\Pipeline.php(209): Illuminate\\Session\\Middleware\\StartSession->handle()
#30 C:\\Users\\cjose\\Documents\\GitHub\\DICT-HELPDESK\\vendor\\laravel\\framework\\src\\Illuminate\\Cookie\\Middleware\\AddQueuedCookiesToResponse.php(37): Illuminate\\Pipeline\\Pipeline->Illuminate\\Pipeline\\{closure}()
#31 C:\\Users\\cjose\\Documents\\GitHub\\DICT-HELPDESK\\vendor\\laravel\\framework\\src\\Illuminate\\Pipeline\\Pipeline.php(209): Illuminate\\Cookie\\Middleware\\AddQueuedCookiesToResponse->handle()
#32 C:\\Users\\cjose\\Documents\\GitHub\\DICT-HELPDESK\\vendor\\laravel\\framework\\src\\Illuminate\\Cookie\\Middleware\\EncryptCookies.php(75): Illuminate\\Pipeline\\Pipeline->Illuminate\\Pipeline\\{closure}()
#33 C:\\Users\\cjose\\Documents\\GitHub\\DICT-HELPDESK\\vendor\\laravel\\framework\\src\\Illuminate\\Pipeline\\Pipeline.php(209): Illuminate\\Cookie\\Middleware\\EncryptCookies->handle()
#34 C:\\Users\\cjose\\Documents\\GitHub\\DICT-HELPDESK\\vendor\\laravel\\framework\\src\\Illuminate\\Pipeline\\Pipeline.php(127): Illuminate\\Pipeline\\Pipeline->Illuminate\\Pipeline\\{closure}()
#35 C:\\Users\\cjose\\Documents\\GitHub\\DICT-HELPDESK\\vendor\\laravel\\framework\\src\\Illuminate\\Routing\\Router.php(807): Illuminate\\Pipeline\\Pipeline->then()
#36 C:\\Users\\cjose\\Documents\\GitHub\\DICT-HELPDESK\\vendor\\laravel\\framework\\src\\Illuminate\\Routing\\Router.php(786): Illuminate\\Routing\\Router->runRouteWithinStack()
#37 C:\\Users\\cjose\\Documents\\GitHub\\DICT-HELPDESK\\vendor\\laravel\\framework\\src\\Illuminate\\Routing\\Router.php(750): Illuminate\\Routing\\Router->runRoute()
#38 C:\\Users\\cjose\\Documents\\GitHub\\DICT-HELPDESK\\vendor\\laravel\\framework\\src\\Illuminate\\Routing\\Router.php(739): Illuminate\\Routing\\Router->dispatchToRoute()
#39 C:\\Users\\cjose\\Documents\\GitHub\\DICT-HELPDESK\\vendor\\laravel\\framework\\src\\Illuminate\\Foundation\\Http\\Kernel.php(201): Illuminate\\Routing\\Router->dispatch()
#40 C:\\Users\\cjose\\Documents\\GitHub\\DICT-HELPDESK\\vendor\\laravel\\framework\\src\\Illuminate\\Pipeline\\Pipeline.php(170): Illuminate\\Foundation\\Http\\Kernel->Illuminate\\Foundation\\Http\\{closure}()
#41 C:\\Users\\cjose\\Documents\\GitHub\\DICT-HELPDESK\\vendor\\laravel\\framework\\src\\Illuminate\\Foundation\\Http\\Middleware\\TransformsRequest.php(21): Illuminate\\Pipeline\\Pipeline->Illuminate\\Pipeline\\{closure}()
#42 C:\\Users\\cjose\\Documents\\GitHub\\DICT-HELPDESK\\vendor\\laravel\\framework\\src\\Illuminate\\Foundation\\Http\\Middleware\\ConvertEmptyStringsToNull.php(31): Illuminate\\Foundation\\Http\\Middleware\\TransformsRequest->handle()
#43 C:\\Users\\cjose\\Documents\\GitHub\\DICT-HELPDESK\\vendor\\laravel\\framework\\src\\Illuminate\\Pipeline\\Pipeline.php(209): Illuminate\\Foundation\\Http\\Middleware\\ConvertEmptyStringsToNull->handle()
#44 C:\\Users\\cjose\\Documents\\GitHub\\DICT-HELPDESK\\vendor\\laravel\\framework\\src\\Illuminate\\Foundation\\Http\\Middleware\\TransformsRequest.php(21): Illuminate\\Pipeline\\Pipeline->Illuminate\\Pipeline\\{closure}()
#45 C:\\Users\\cjose\\Documents\\GitHub\\DICT-HELPDESK\\vendor\\laravel\\framework\\src\\Illuminate\\Foundation\\Http\\Middleware\\TrimStrings.php(51): Illuminate\\Foundation\\Http\\Middleware\\TransformsRequest->handle()
#46 C:\\Users\\cjose\\Documents\\GitHub\\DICT-HELPDESK\\vendor\\laravel\\framework\\src\\Illuminate\\Pipeline\\Pipeline.php(209): Illuminate\\Foundation\\Http\\Middleware\\TrimStrings->handle()
#47 C:\\Users\\cjose\\Documents\\GitHub\\DICT-HELPDESK\\vendor\\laravel\\framework\\src\\Illuminate\\Http\\Middleware\\ValidatePostSize.php(27): Illuminate\\Pipeline\\Pipeline->Illuminate\\Pipeline\\{closure}()
#48 C:\\Users\\cjose\\Documents\\GitHub\\DICT-HELPDESK\\vendor\\laravel\\framework\\src\\Illuminate\\Pipeline\\Pipeline.php(209): Illuminate\\Http\\Middleware\\ValidatePostSize->handle()
#49 C:\\Users\\cjose\\Documents\\GitHub\\DICT-HELPDESK\\vendor\\laravel\\framework\\src\\Illuminate\\Foundation\\Http\\Middleware\\PreventRequestsDuringMaintenance.php(110): Illuminate\\Pipeline\\Pipeline->Illuminate\\Pipeline\\{closure}()
#50 C:\\Users\\cjose\\Documents\\GitHub\\DICT-HELPDESK\\vendor\\laravel\\framework\\src\\Illuminate\\Pipeline\\Pipeline.php(209): Illuminate\\Foundation\\Http\\Middleware\\PreventRequestsDuringMaintenance->handle()
#51 C:\\Users\\cjose\\Documents\\GitHub\\DICT-HELPDESK\\vendor\\laravel\\framework\\src\\Illuminate\\Http\\Middleware\\HandleCors.php(49): Illuminate\\Pipeline\\Pipeline->Illuminate\\Pipeline\\{closure}()
#52 C:\\Users\\cjose\\Documents\\GitHub\\DICT-HELPDESK\\vendor\\laravel\\framework\\src\\Illuminate\\Pipeline\\Pipeline.php(209): Illuminate\\Http\\Middleware\\HandleCors->handle()
#53 C:\\Users\\cjose\\Documents\\GitHub\\DICT-HELPDESK\\vendor\\laravel\\framework\\src\\Illuminate\\Http\\Middleware\\TrustProxies.php(58): Illuminate\\Pipeline\\Pipeline->Illuminate\\Pipeline\\{closure}()
#54 C:\\Users\\cjose\\Documents\\GitHub\\DICT-HELPDESK\\vendor\\laravel\\framework\\src\\Illuminate\\Pipeline\\Pipeline.php(209): Illuminate\\Http\\Middleware\\TrustProxies->handle()
#55 C:\\Users\\cjose\\Documents\\GitHub\\DICT-HELPDESK\\vendor\\laravel\\framework\\src\\Illuminate\\Foundation\\Http\\Middleware\\InvokeDeferredCallbacks.php(22): Illuminate\\Pipeline\\Pipeline->Illuminate\\Pipeline\\{closure}()
#56 C:\\Users\\cjose\\Documents\\GitHub\\DICT-HELPDESK\\vendor\\laravel\\framework\\src\\Illuminate\\Pipeline\\Pipeline.php(209): Illuminate\\Foundation\\Http\\Middleware\\InvokeDeferredCallbacks->handle()
#57 C:\\Users\\cjose\\Documents\\GitHub\\DICT-HELPDESK\\vendor\\laravel\\framework\\src\\Illuminate\\Pipeline\\Pipeline.php(127): Illuminate\\Pipeline\\Pipeline->Illuminate\\Pipeline\\{closure}()
#58 C:\\Users\\cjose\\Documents\\GitHub\\DICT-HELPDESK\\vendor\\laravel\\framework\\src\\Illuminate\\Foundation\\Http\\Kernel.php(176): Illuminate\\Pipeline\\Pipeline->then()
#59 C:\\Users\\cjose\\Documents\\GitHub\\DICT-HELPDESK\\vendor\\laravel\\framework\\src\\Illuminate\\Foundation\\Http\\Kernel.php(145): Illuminate\\Foundation\\Http\\Kernel->sendRequestThroughRouter()
#60 C:\\Users\\cjose\\Documents\\GitHub\\DICT-HELPDESK\\public\\index.php(51): Illuminate\\Foundation\\Http\\Kernel->handle()
#61 C:\\Users\\cjose\\Documents\\GitHub\\DICT-HELPDESK\\vendor\\laravel\\framework\\src\\Illuminate\\Foundation\\resources\\server.php(23): require_once('...')
#62 {main}

[previous exception] [object] (PDOException(code: 23514): SQLSTATE[23514]: Check violation: 7 ERROR:  new row for relation \"users\" violates check constraint \"users_role_check\"
DETAIL:  Failing row contains (10, TestDelete, TestDelete@gmail.com, 12341234123, iOne, null, $2y$12$gjuclHyUDSyfUkwNg2OvMOJZeGjrhqEUm8AfqfFWKECwCTNo8uzdG, t, null, 2026-02-23 05:37:27, 2026-02-23 09:00:18, technical). at C:\\Users\\cjose\\Documents\\GitHub\\DICT-HELPDESK\\vendor\\laravel\\framework\\src\\Illuminate\\Database\\Connection.php:596)
[stacktrace]
#0 C:\\Users\\cjose\\Documents\\GitHub\\DICT-HELPDESK\\vendor\\laravel\\framework\\src\\Illuminate\\Database\\Connection.php(596): PDOStatement->execute()
#1 C:\\Users\\cjose\\Documents\\GitHub\\DICT-HELPDESK\\vendor\\laravel\\framework\\src\\Illuminate\\Database\\Connection.php(812): Illuminate\\Database\\Connection->Illuminate\\Database\\{closure}()
#2 C:\\Users\\cjose\\Documents\\GitHub\\DICT-HELPDESK\\vendor\\laravel\\framework\\src\\Illuminate\\Database\\Connection.php(779): Illuminate\\Database\\Connection->runQueryCallback()
#3 C:\\Users\\cjose\\Documents\\GitHub\\DICT-HELPDESK\\vendor\\laravel\\framework\\src\\Illuminate\\Database\\Connection.php(584): Illuminate\\Database\\Connection->run()
#4 C:\\Users\\cjose\\Documents\\GitHub\\DICT-HELPDESK\\vendor\\laravel\\framework\\src\\Illuminate\\Database\\Connection.php(536): Illuminate\\Database\\Connection->affectingStatement()
#5 C:\\Users\\cjose\\Documents\\GitHub\\DICT-HELPDESK\\vendor\\laravel\\framework\\src\\Illuminate\\Database\\Query\\Builder.php(3830): Illuminate\\Database\\Connection->update()
#6 C:\\Users\\cjose\\Documents\\GitHub\\DICT-HELPDESK\\vendor\\laravel\\framework\\src\\Illuminate\\Database\\Eloquent\\Builder.php(1175): Illuminate\\Database\\Query\\Builder->update()
#7 C:\\Users\\cjose\\Documents\\GitHub\\DICT-HELPDESK\\vendor\\laravel\\framework\\src\\Illuminate\\Database\\Eloquent\\Model.php(1239): Illuminate\\Database\\Eloquent\\Builder->update()
#8 C:\\Users\\cjose\\Documents\\GitHub\\DICT-HELPDESK\\vendor\\laravel\\framework\\src\\Illuminate\\Database\\Eloquent\\Model.php(1156): Illuminate\\Database\\Eloquent\\Model->performUpdate()
#9 C:\\Users\\cjose\\Documents\\GitHub\\DICT-HELPDESK\\vendor\\laravel\\framework\\src\\Illuminate\\Database\\Eloquent\\Model.php(1014): Illuminate\\Database\\Eloquent\\Model->save()
#10 C:\\Users\\cjose\\Documents\\GitHub\\DICT-HELPDESK\\app\\Http\\Controllers\\Admin\\UserManagementController.php(208): Illuminate\\Database\\Eloquent\\Model->update()
#11 C:\\Users\\cjose\\Documents\\GitHub\\DICT-HELPDESK\\vendor\\laravel\\framework\\src\\Illuminate\\Routing\\Controller.php(54): App\\Http\\Controllers\\Admin\\UserManagementController->update()
#12 C:\\Users\\cjose\\Documents\\GitHub\\DICT-HELPDESK\\vendor\\laravel\\framework\\src\\Illuminate\\Routing\\ControllerDispatcher.php(44): Illuminate\\Routing\\Controller->callAction()
#13 C:\\Users\\cjose\\Documents\\GitHub\\DICT-HELPDESK\\vendor\\laravel\\framework\\src\\Illuminate\\Routing\\Route.php(266): Illuminate\\Routing\\ControllerDispatcher->dispatch()
#14 C:\\Users\\cjose\\Documents\\GitHub\\DICT-HELPDESK\\vendor\\laravel\\framework\\src\\Illuminate\\Routing\\Route.php(212): Illuminate\\Routing\\Route->runController()
#15 C:\\Users\\cjose\\Documents\\GitHub\\DICT-HELPDESK\\vendor\\laravel\\framework\\src\\Illuminate\\Routing\\Router.php(808): Illuminate\\Routing\\Route->run()
#16 C:\\Users\\cjose\\Documents\\GitHub\\DICT-HELPDESK\\vendor\\laravel\\framework\\src\\Illuminate\\Pipeline\\Pipeline.php(170): Illuminate\\Routing\\Router->Illuminate\\Routing\\{closure}()
#17 C:\\Users\\cjose\\Documents\\GitHub\\DICT-HELPDESK\\app\\Http\\Middleware\\RoleMiddleware.php(29): Illuminate\\Pipeline\\Pipeline->Illuminate\\Pipeline\\{closure}()
#18 C:\\Users\\cjose\\Documents\\GitHub\\DICT-HELPDESK\\vendor\\laravel\\framework\\src\\Illuminate\\Pipeline\\Pipeline.php(209): App\\Http\\Middleware\\RoleMiddleware->handle()
#19 C:\\Users\\cjose\\Documents\\GitHub\\DICT-HELPDESK\\app\\Http\\Middleware\\RoleMiddleware.php(29): Illuminate\\Pipeline\\Pipeline->Illuminate\\Pipeline\\{closure}()
#20 C:\\Users\\cjose\\Documents\\GitHub\\DICT-HELPDESK\\vendor\\laravel\\framework\\src\\Illuminate\\Pipeline\\Pipeline.php(209): App\\Http\\Middleware\\RoleMiddleware->handle()
#21 C:\\Users\\cjose\\Documents\\GitHub\\DICT-HELPDESK\\vendor\\laravel\\framework\\src\\Illuminate\\Routing\\Middleware\\SubstituteBindings.php(51): Illuminate\\Pipeline\\Pipeline->Illuminate\\Pipeline\\{closure}()
#22 C:\\Users\\cjose\\Documents\\GitHub\\DICT-HELPDESK\\vendor\\laravel\\framework\\src\\Illuminate\\Pipeline\\Pipeline.php(209): Illuminate\\Routing\\Middleware\\SubstituteBindings->handle()
#23 C:\\Users\\cjose\\Documents\\GitHub\\DICT-HELPDESK\\vendor\\laravel\\framework\\src\\Illuminate\\Auth\\Middleware\\Authenticate.php(64): Illuminate\\Pipeline\\Pipeline->Illuminate\\Pipeline\\{closure}()
#24 C:\\Users\\cjose\\Documents\\GitHub\\DICT-HELPDESK\\vendor\\laravel\\framework\\src\\Illuminate\\Pipeline\\Pipeline.php(209): Illuminate\\Auth\\Middleware\\Authenticate->handle()
#25 C:\\Users\\cjose\\Documents\\GitHub\\DICT-HELPDESK\\vendor\\laravel\\framework\\src\\Illuminate\\Foundation\\Http\\Middleware\\VerifyCsrfToken.php(88): Illuminate\\Pipeline\\Pipeline->Illuminate\\Pipeline\\{closure}()
#26 C:\\Users\\cjose\\Documents\\GitHub\\DICT-HELPDESK\\vendor\\laravel\\framework\\src\\Illuminate\\Pipeline\\Pipeline.php(209): Illuminate\\Foundation\\Http\\Middleware\\VerifyCsrfToken->handle()
#27 C:\\Users\\cjose\\Documents\\GitHub\\DICT-HELPDESK\\vendor\\laravel\\framework\\src\\Illuminate\\View\\Middleware\\ShareErrorsFromSession.php(49): Illuminate\\Pipeline\\Pipeline->Illuminate\\Pipeline\\{closure}()
#28 C:\\Users\\cjose\\Documents\\GitHub\\DICT-HELPDESK\\vendor\\laravel\\framework\\src\\Illuminate\\Pipeline\\Pipeline.php(209): Illuminate\\View\\Middleware\\ShareErrorsFromSession->handle()
#29 C:\\Users\\cjose\\Documents\\GitHub\\DICT-HELPDESK\\vendor\\laravel\\framework\\src\\Illuminate\\Session\\Middleware\\StartSession.php(121): Illuminate\\Pipeline\\Pipeline->Illuminate\\Pipeline\\{closure}()
#30 C:\\Users\\cjose\\Documents\\GitHub\\DICT-HELPDESK\\vendor\\laravel\\framework\\src\\Illuminate\\Session\\Middleware\\StartSession.php(64): Illuminate\\Session\\Middleware\\StartSession->handleStatefulRequest()
#31 C:\\Users\\cjose\\Documents\\GitHub\\DICT-HELPDESK\\vendor\\laravel\\framework\\src\\Illuminate\\Pipeline\\Pipeline.php(209): Illuminate\\Session\\Middleware\\StartSession->handle()
#32 C:\\Users\\cjose\\Documents\\GitHub\\DICT-HELPDESK\\vendor\\laravel\\framework\\src\\Illuminate\\Cookie\\Middleware\\AddQueuedCookiesToResponse.php(37): Illuminate\\Pipeline\\Pipeline->Illuminate\\Pipeline\\{closure}()
#33 C:\\Users\\cjose\\Documents\\GitHub\\DICT-HELPDESK\\vendor\\laravel\\framework\\src\\Illuminate\\Pipeline\\Pipeline.php(209): Illuminate\\Cookie\\Middleware\\AddQueuedCookiesToResponse->handle()
#34 C:\\Users\\cjose\\Documents\\GitHub\\DICT-HELPDESK\\vendor\\laravel\\framework\\src\\Illuminate\\Cookie\\Middleware\\EncryptCookies.php(75): Illuminate\\Pipeline\\Pipeline->Illuminate\\Pipeline\\{closure}()
#35 C:\\Users\\cjose\\Documents\\GitHub\\DICT-HELPDESK\\vendor\\laravel\\framework\\src\\Illuminate\\Pipeline\\Pipeline.php(209): Illuminate\\Cookie\\Middleware\\EncryptCookies->handle()
#36 C:\\Users\\cjose\\Documents\\GitHub\\DICT-HELPDESK\\vendor\\laravel\\framework\\src\\Illuminate\\Pipeline\\Pipeline.php(127): Illuminate\\Pipeline\\Pipeline->Illuminate\\Pipeline\\{closure}()
#37 C:\\Users\\cjose\\Documents\\GitHub\\DICT-HELPDESK\\vendor\\laravel\\framework\\src\\Illuminate\\Routing\\Router.php(807): Illuminate\\Pipeline\\Pipeline->then()
#38 C:\\Users\\cjose\\Documents\\GitHub\\DICT-HELPDESK\\vendor\\laravel\\framework\\src\\Illuminate\\Routing\\Router.php(786): Illuminate\\Routing\\Router->runRouteWithinStack()
#39 C:\\Users\\cjose\\Documents\\GitHub\\DICT-HELPDESK\\vendor\\laravel\\framework\\src\\Illuminate\\Routing\\Router.php(750): Illuminate\\Routing\\Router->runRoute()
#40 C:\\Users\\cjose\\Documents\\GitHub\\DICT-HELPDESK\\vendor\\laravel\\framework\\src\\Illuminate\\Routing\\Router.php(739): Illuminate\\Routing\\Router->dispatchToRoute()
#41 C:\\Users\\cjose\\Documents\\GitHub\\DICT-HELPDESK\\vendor\\laravel\\framework\\src\\Illuminate\\Foundation\\Http\\Kernel.php(201): Illuminate\\Routing\\Router->dispatch()
#42 C:\\Users\\cjose\\Documents\\GitHub\\DICT-HELPDESK\\vendor\\laravel\\framework\\src\\Illuminate\\Pipeline\\Pipeline.php(170): Illuminate\\Foundation\\Http\\Kernel->Illuminate\\Foundation\\Http\\{closure}()
#43 C:\\Users\\cjose\\Documents\\GitHub\\DICT-HELPDESK\\vendor\\laravel\\framework\\src\\Illuminate\\Foundation\\Http\\Middleware\\TransformsRequest.php(21): Illuminate\\Pipeline\\Pipeline->Illuminate\\Pipeline\\{closure}()
#44 C:\\Users\\cjose\\Documents\\GitHub\\DICT-HELPDESK\\vendor\\laravel\\framework\\src\\Illuminate\\Foundation\\Http\\Middleware\\ConvertEmptyStringsToNull.php(31): Illuminate\\Foundation\\Http\\Middleware\\TransformsRequest->handle()
#45 C:\\Users\\cjose\\Documents\\GitHub\\DICT-HELPDESK\\vendor\\laravel\\framework\\src\\Illuminate\\Pipeline\\Pipeline.php(209): Illuminate\\Foundation\\Http\\Middleware\\ConvertEmptyStringsToNull->handle()
#46 C:\\Users\\cjose\\Documents\\GitHub\\DICT-HELPDESK\\vendor\\laravel\\framework\\src\\Illuminate\\Foundation\\Http\\Middleware\\TransformsRequest.php(21): Illuminate\\Pipeline\\Pipeline->Illuminate\\Pipeline\\{closure}()
#47 C:\\Users\\cjose\\Documents\\GitHub\\DICT-HELPDESK\\vendor\\laravel\\framework\\src\\Illuminate\\Foundation\\Http\\Middleware\\TrimStrings.php(51): Illuminate\\Foundation\\Http\\Middleware\\TransformsRequest->handle()
#48 C:\\Users\\cjose\\Documents\\GitHub\\DICT-HELPDESK\\vendor\\laravel\\framework\\src\\Illuminate\\Pipeline\\Pipeline.php(209): Illuminate\\Foundation\\Http\\Middleware\\TrimStrings->handle()
#49 C:\\Users\\cjose\\Documents\\GitHub\\DICT-HELPDESK\\vendor\\laravel\\framework\\src\\Illuminate\\Http\\Middleware\\ValidatePostSize.php(27): Illuminate\\Pipeline\\Pipeline->Illuminate\\Pipeline\\{closure}()
#50 C:\\Users\\cjose\\Documents\\GitHub\\DICT-HELPDESK\\vendor\\laravel\\framework\\src\\Illuminate\\Pipeline\\Pipeline.php(209): Illuminate\\Http\\Middleware\\ValidatePostSize->handle()
#51 C:\\Users\\cjose\\Documents\\GitHub\\DICT-HELPDESK\\vendor\\laravel\\framework\\src\\Illuminate\\Foundation\\Http\\Middleware\\PreventRequestsDuringMaintenance.php(110): Illuminate\\Pipeline\\Pipeline->Illuminate\\Pipeline\\{closure}()
#52 C:\\Users\\cjose\\Documents\\GitHub\\DICT-HELPDESK\\vendor\\laravel\\framework\\src\\Illuminate\\Pipeline\\Pipeline.php(209): Illuminate\\Foundation\\Http\\Middleware\\PreventRequestsDuringMaintenance->handle()
#53 C:\\Users\\cjose\\Documents\\GitHub\\DICT-HELPDESK\\vendor\\laravel\\framework\\src\\Illuminate\\Http\\Middleware\\HandleCors.php(49): Illuminate\\Pipeline\\Pipeline->Illuminate\\Pipeline\\{closure}()
#54 C:\\Users\\cjose\\Documents\\GitHub\\DICT-HELPDESK\\vendor\\laravel\\framework\\src\\Illuminate\\Pipeline\\Pipeline.php(209): Illuminate\\Http\\Middleware\\HandleCors->handle()
#55 C:\\Users\\cjose\\Documents\\GitHub\\DICT-HELPDESK\\vendor\\laravel\\framework\\src\\Illuminate\\Http\\Middleware\\TrustProxies.php(58): Illuminate\\Pipeline\\Pipeline->Illuminate\\Pipeline\\{closure}()
#56 C:\\Users\\cjose\\Documents\\GitHub\\DICT-HELPDESK\\vendor\\laravel\\framework\\src\\Illuminate\\Pipeline\\Pipeline.php(209): Illuminate\\Http\\Middleware\\TrustProxies->handle()
#57 C:\\Users\\cjose\\Documents\\GitHub\\DICT-HELPDESK\\vendor\\laravel\\framework\\src\\Illuminate\\Foundation\\Http\\Middleware\\InvokeDeferredCallbacks.php(22): Illuminate\\Pipeline\\Pipeline->Illuminate\\Pipeline\\{closure}()
#58 C:\\Users\\cjose\\Documents\\GitHub\\DICT-HELPDESK\\vendor\\laravel\\framework\\src\\Illuminate\\Pipeline\\Pipeline.php(209): Illuminate\\Foundation\\Http\\Middleware\\InvokeDeferredCallbacks->handle()
#59 C:\\Users\\cjose\\Documents\\GitHub\\DICT-HELPDESK\\vendor\\laravel\\framework\\src\\Illuminate\\Pipeline\\Pipeline.php(127): Illuminate\\Pipeline\\Pipeline->Illuminate\\Pipeline\\{closure}()
#60 C:\\Users\\cjose\\Documents\\GitHub\\DICT-HELPDESK\\vendor\\laravel\\framework\\src\\Illuminate\\Foundation\\Http\\Kernel.php(176): Illuminate\\Pipeline\\Pipeline->then()
#61 C:\\Users\\cjose\\Documents\\GitHub\\DICT-HELPDESK\\vendor\\laravel\\framework\\src\\Illuminate\\Foundation\\Http\\Kernel.php(145): Illuminate\\Foundation\\Http\\Kernel->sendRequestThroughRouter()
#62 C:\\Users\\cjose\\Documents\\GitHub\\DICT-HELPDESK\\public\\index.php(51): Illuminate\\Foundation\\Http\\Kernel->handle()
#63 C:\\Users\\cjose\\Documents\\GitHub\\DICT-HELPDESK\\vendor\\laravel\\framework\\src\\Illuminate\\Foundation\\resources\\server.php(23): require_once('...')
#64 {main}
"} 
[2026-02-23 09:00:31] local.ERROR: SQLSTATE[23514]: Check violation: 7 ERROR:  new row for relation "users" violates check constraint "users_role_check"
DETAIL:  Failing row contains (10, TestDelete, TestDelete@gmail.com, 12341234123, iOne, null, $2y$12$gjuclHyUDSyfUkwNg2OvMOJZeGjrhqEUm8AfqfFWKECwCTNo8uzdG, t, null, 2026-02-23 05:37:27, 2026-02-23 09:00:31, technical). (Connection: pgsql, SQL: update "users" set "department" = iOne, "role" = technical, "updated_at" = 2026-02-23 09:00:31 where "id" = 10) {"userId":1,"exception":"[object] (Illuminate\\Database\\QueryException(code: 23514): SQLSTATE[23514]: Check violation: 7 ERROR:  new row for relation \"users\" violates check constraint \"users_role_check\"
DETAIL:  Failing row contains (10, TestDelete, TestDelete@gmail.com, 12341234123, iOne, null, $2y$12$gjuclHyUDSyfUkwNg2OvMOJZeGjrhqEUm8AfqfFWKECwCTNo8uzdG, t, null, 2026-02-23 05:37:27, 2026-02-23 09:00:31, technical). (Connection: pgsql, SQL: update \"users\" set \"department\" = iOne, \"role\" = technical, \"updated_at\" = 2026-02-23 09:00:31 where \"id\" = 10) at C:\\Users\\cjose\\Documents\\GitHub\\DICT-HELPDESK\\vendor\\laravel\\framework\\src\\Illuminate\\Database\\Connection.php:825)
[stacktrace]
#0 C:\\Users\\cjose\\Documents\\GitHub\\DICT-HELPDESK\\vendor\\laravel\\framework\\src\\Illuminate\\Database\\Connection.php(779): Illuminate\\Database\\Connection->runQueryCallback()
#1 C:\\Users\\cjose\\Documents\\GitHub\\DICT-HELPDESK\\vendor\\laravel\\framework\\src\\Illuminate\\Database\\Connection.php(584): Illuminate\\Database\\Connection->run()
#2 C:\\Users\\cjose\\Documents\\GitHub\\DICT-HELPDESK\\vendor\\laravel\\framework\\src\\Illuminate\\Database\\Connection.php(536): Illuminate\\Database\\Connection->affectingStatement()
#3 C:\\Users\\cjose\\Documents\\GitHub\\DICT-HELPDESK\\vendor\\laravel\\framework\\src\\Illuminate\\Database\\Query\\Builder.php(3830): Illuminate\\Database\\Connection->update()
#4 C:\\Users\\cjose\\Documents\\GitHub\\DICT-HELPDESK\\vendor\\laravel\\framework\\src\\Illuminate\\Database\\Eloquent\\Builder.php(1175): Illuminate\\Database\\Query\\Builder->update()
#5 C:\\Users\\cjose\\Documents\\GitHub\\DICT-HELPDESK\\vendor\\laravel\\framework\\src\\Illuminate\\Database\\Eloquent\\Model.php(1239): Illuminate\\Database\\Eloquent\\Builder->update()
#6 C:\\Users\\cjose\\Documents\\GitHub\\DICT-HELPDESK\\vendor\\laravel\\framework\\src\\Illuminate\\Database\\Eloquent\\Model.php(1156): Illuminate\\Database\\Eloquent\\Model->performUpdate()
#7 C:\\Users\\cjose\\Documents\\GitHub\\DICT-HELPDESK\\vendor\\laravel\\framework\\src\\Illuminate\\Database\\Eloquent\\Model.php(1014): Illuminate\\Database\\Eloquent\\Model->save()
#8 C:\\Users\\cjose\\Documents\\GitHub\\DICT-HELPDESK\\app\\Http\\Controllers\\Admin\\UserManagementController.php(208): Illuminate\\Database\\Eloquent\\Model->update()
#9 C:\\Users\\cjose\\Documents\\GitHub\\DICT-HELPDESK\\vendor\\laravel\\framework\\src\\Illuminate\\Routing\\Controller.php(54): App\\Http\\Controllers\\Admin\\UserManagementController->update()
#10 C:\\Users\\cjose\\Documents\\GitHub\\DICT-HELPDESK\\vendor\\laravel\\framework\\src\\Illuminate\\Routing\\ControllerDispatcher.php(44): Illuminate\\Routing\\Controller->callAction()
#11 C:\\Users\\cjose\\Documents\\GitHub\\DICT-HELPDESK\\vendor\\laravel\\framework\\src\\Illuminate\\Routing\\Route.php(266): Illuminate\\Routing\\ControllerDispatcher->dispatch()
#12 C:\\Users\\cjose\\Documents\\GitHub\\DICT-HELPDESK\\vendor\\laravel\\framework\\src\\Illuminate\\Routing\\Route.php(212): Illuminate\\Routing\\Route->runController()
#13 C:\\Users\\cjose\\Documents\\GitHub\\DICT-HELPDESK\\vendor\\laravel\\framework\\src\\Illuminate\\Routing\\Router.php(808): Illuminate\\Routing\\Route->run()
#14 C:\\Users\\cjose\\Documents\\GitHub\\DICT-HELPDESK\\vendor\\laravel\\framework\\src\\Illuminate\\Pipeline\\Pipeline.php(170): Illuminate\\Routing\\Router->Illuminate\\Routing\\{closure}()
#15 C:\\Users\\cjose\\Documents\\GitHub\\DICT-HELPDESK\\app\\Http\\Middleware\\RoleMiddleware.php(29): Illuminate\\Pipeline\\Pipeline->Illuminate\\Pipeline\\{closure}()
#16 C:\\Users\\cjose\\Documents\\GitHub\\DICT-HELPDESK\\vendor\\laravel\\framework\\src\\Illuminate\\Pipeline\\Pipeline.php(209): App\\Http\\Middleware\\RoleMiddleware->handle()
#17 C:\\Users\\cjose\\Documents\\GitHub\\DICT-HELPDESK\\app\\Http\\Middleware\\RoleMiddleware.php(29): Illuminate\\Pipeline\\Pipeline->Illuminate\\Pipeline\\{closure}()
#18 C:\\Users\\cjose\\Documents\\GitHub\\DICT-HELPDESK\\vendor\\laravel\\framework\\src\\Illuminate\\Pipeline\\Pipeline.php(209): App\\Http\\Middleware\\RoleMiddleware->handle()
#19 C:\\Users\\cjose\\Documents\\GitHub\\DICT-HELPDESK\\vendor\\laravel\\framework\\src\\Illuminate\\Routing\\Middleware\\SubstituteBindings.php(51): Illuminate\\Pipeline\\Pipeline->Illuminate\\Pipeline\\{closure}()
#20 C:\\Users\\cjose\\Documents\\GitHub\\DICT-HELPDESK\\vendor\\laravel\\framework\\src\\Illuminate\\Pipeline\\Pipeline.php(209): Illuminate\\Routing\\Middleware\\SubstituteBindings->handle()
#21 C:\\Users\\cjose\\Documents\\GitHub\\DICT-HELPDESK\\vendor\\laravel\\framework\\src\\Illuminate\\Auth\\Middleware\\Authenticate.php(64): Illuminate\\Pipeline\\Pipeline->Illuminate\\Pipeline\\{closure}()
#22 C:\\Users\\cjose\\Documents\\GitHub\\DICT-HELPDESK\\vendor\\laravel\\framework\\src\\Illuminate\\Pipeline\\Pipeline.php(209): Illuminate\\Auth\\Middleware\\Authenticate->handle()
#23 C:\\Users\\cjose\\Documents\\GitHub\\DICT-HELPDESK\\vendor\\laravel\\framework\\src\\Illuminate\\Foundation\\Http\\Middleware\\VerifyCsrfToken.php(88): Illuminate\\Pipeline\\Pipeline->Illuminate\\Pipeline\\{closure}()
#24 C:\\Users\\cjose\\Documents\\GitHub\\DICT-HELPDESK\\vendor\\laravel\\framework\\src\\Illuminate\\Pipeline\\Pipeline.php(209): Illuminate\\Foundation\\Http\\Middleware\\VerifyCsrfToken->handle()
#25 C:\\Users\\cjose\\Documents\\GitHub\\DICT-HELPDESK\\vendor\\laravel\\framework\\src\\Illuminate\\View\\Middleware\\ShareErrorsFromSession.php(49): Illuminate\\Pipeline\\Pipeline->Illuminate\\Pipeline\\{closure}()
#26 C:\\Users\\cjose\\Documents\\GitHub\\DICT-HELPDESK\\vendor\\laravel\\framework\\src\\Illuminate\\Pipeline\\Pipeline.php(209): Illuminate\\View\\Middleware\\ShareErrorsFromSession->handle()
#27 C:\\Users\\cjose\\Documents\\GitHub\\DICT-HELPDESK\\vendor\\laravel\\framework\\src\\Illuminate\\Session\\Middleware\\StartSession.php(121): Illuminate\\Pipeline\\Pipeline->Illuminate\\Pipeline\\{closure}()
#28 C:\\Users\\cjose\\Documents\\GitHub\\DICT-HELPDESK\\vendor\\laravel\\framework\\src\\Illuminate\\Session\\Middleware\\StartSession.php(64): Illuminate\\Session\\Middleware\\StartSession->handleStatefulRequest()
#29 C:\\Users\\cjose\\Documents\\GitHub\\DICT-HELPDESK\\vendor\\laravel\\framework\\src\\Illuminate\\Pipeline\\Pipeline.php(209): Illuminate\\Session\\Middleware\\StartSession->handle()
#30 C:\\Users\\cjose\\Documents\\GitHub\\DICT-HELPDESK\\vendor\\laravel\\framework\\src\\Illuminate\\Cookie\\Middleware\\AddQueuedCookiesToResponse.php(37): Illuminate\\Pipeline\\Pipeline->Illuminate\\Pipeline\\{closure}()
#31 C:\\Users\\cjose\\Documents\\GitHub\\DICT-HELPDESK\\vendor\\laravel\\framework\\src\\Illuminate\\Pipeline\\Pipeline.php(209): Illuminate\\Cookie\\Middleware\\AddQueuedCookiesToResponse->handle()
#32 C:\\Users\\cjose\\Documents\\GitHub\\DICT-HELPDESK\\vendor\\laravel\\framework\\src\\Illuminate\\Cookie\\Middleware\\EncryptCookies.php(75): Illuminate\\Pipeline\\Pipeline->Illuminate\\Pipeline\\{closure}()
#33 C:\\Users\\cjose\\Documents\\GitHub\\DICT-HELPDESK\\vendor\\laravel\\framework\\src\\Illuminate\\Pipeline\\Pipeline.php(209): Illuminate\\Cookie\\Middleware\\EncryptCookies->handle()
#34 C:\\Users\\cjose\\Documents\\GitHub\\DICT-HELPDESK\\vendor\\laravel\\framework\\src\\Illuminate\\Pipeline\\Pipeline.php(127): Illuminate\\Pipeline\\Pipeline->Illuminate\\Pipeline\\{closure}()
#35 C:\\Users\\cjose\\Documents\\GitHub\\DICT-HELPDESK\\vendor\\laravel\\framework\\src\\Illuminate\\Routing\\Router.php(807): Illuminate\\Pipeline\\Pipeline->then()
#36 C:\\Users\\cjose\\Documents\\GitHub\\DICT-HELPDESK\\vendor\\laravel\\framework\\src\\Illuminate\\Routing\\Router.php(786): Illuminate\\Routing\\Router->runRouteWithinStack()
#37 C:\\Users\\cjose\\Documents\\GitHub\\DICT-HELPDESK\\vendor\\laravel\\framework\\src\\Illuminate\\Routing\\Router.php(750): Illuminate\\Routing\\Router->runRoute()
#38 C:\\Users\\cjose\\Documents\\GitHub\\DICT-HELPDESK\\vendor\\laravel\\framework\\src\\Illuminate\\Routing\\Router.php(739): Illuminate\\Routing\\Router->dispatchToRoute()
#39 C:\\Users\\cjose\\Documents\\GitHub\\DICT-HELPDESK\\vendor\\laravel\\framework\\src\\Illuminate\\Foundation\\Http\\Kernel.php(201): Illuminate\\Routing\\Router->dispatch()
#40 C:\\Users\\cjose\\Documents\\GitHub\\DICT-HELPDESK\\vendor\\laravel\\framework\\src\\Illuminate\\Pipeline\\Pipeline.php(170): Illuminate\\Foundation\\Http\\Kernel->Illuminate\\Foundation\\Http\\{closure}()
#41 C:\\Users\\cjose\\Documents\\GitHub\\DICT-HELPDESK\\vendor\\laravel\\framework\\src\\Illuminate\\Foundation\\Http\\Middleware\\TransformsRequest.php(21): Illuminate\\Pipeline\\Pipeline->Illuminate\\Pipeline\\{closure}()
#42 C:\\Users\\cjose\\Documents\\GitHub\\DICT-HELPDESK\\vendor\\laravel\\framework\\src\\Illuminate\\Foundation\\Http\\Middleware\\ConvertEmptyStringsToNull.php(31): Illuminate\\Foundation\\Http\\Middleware\\TransformsRequest->handle()
#43 C:\\Users\\cjose\\Documents\\GitHub\\DICT-HELPDESK\\vendor\\laravel\\framework\\src\\Illuminate\\Pipeline\\Pipeline.php(209): Illuminate\\Foundation\\Http\\Middleware\\ConvertEmptyStringsToNull->handle()
#44 C:\\Users\\cjose\\Documents\\GitHub\\DICT-HELPDESK\\vendor\\laravel\\framework\\src\\Illuminate\\Foundation\\Http\\Middleware\\TransformsRequest.php(21): Illuminate\\Pipeline\\Pipeline->Illuminate\\Pipeline\\{closure}()
#45 C:\\Users\\cjose\\Documents\\GitHub\\DICT-HELPDESK\\vendor\\laravel\\framework\\src\\Illuminate\\Foundation\\Http\\Middleware\\TrimStrings.php(51): Illuminate\\Foundation\\Http\\Middleware\\TransformsRequest->handle()
#46 C:\\Users\\cjose\\Documents\\GitHub\\DICT-HELPDESK\\vendor\\laravel\\framework\\src\\Illuminate\\Pipeline\\Pipeline.php(209): Illuminate\\Foundation\\Http\\Middleware\\TrimStrings->handle()
#47 C:\\Users\\cjose\\Documents\\GitHub\\DICT-HELPDESK\\vendor\\laravel\\framework\\src\\Illuminate\\Http\\Middleware\\ValidatePostSize.php(27): Illuminate\\Pipeline\\Pipeline->Illuminate\\Pipeline\\{closure}()
#48 C:\\Users\\cjose\\Documents\\GitHub\\DICT-HELPDESK\\vendor\\laravel\\framework\\src\\Illuminate\\Pipeline\\Pipeline.php(209): Illuminate\\Http\\Middleware\\ValidatePostSize->handle()
#49 C:\\Users\\cjose\\Documents\\GitHub\\DICT-HELPDESK\\vendor\\laravel\\framework\\src\\Illuminate\\Foundation\\Http\\Middleware\\PreventRequestsDuringMaintenance.php(110): Illuminate\\Pipeline\\Pipeline->Illuminate\\Pipeline\\{closure}()
#50 C:\\Users\\cjose\\Documents\\GitHub\\DICT-HELPDESK\\vendor\\laravel\\framework\\src\\Illuminate\\Pipeline\\Pipeline.php(209): Illuminate\\Foundation\\Http\\Middleware\\PreventRequestsDuringMaintenance->handle()
#51 C:\\Users\\cjose\\Documents\\GitHub\\DICT-HELPDESK\\vendor\\laravel\\framework\\src\\Illuminate\\Http\\Middleware\\HandleCors.php(49): Illuminate\\Pipeline\\Pipeline->Illuminate\\Pipeline\\{closure}()
#52 C:\\Users\\cjose\\Documents\\GitHub\\DICT-HELPDESK\\vendor\\laravel\\framework\\src\\Illuminate\\Pipeline\\Pipeline.php(209): Illuminate\\Http\\Middleware\\HandleCors->handle()
#53 C:\\Users\\cjose\\Documents\\GitHub\\DICT-HELPDESK\\vendor\\laravel\\framework\\src\\Illuminate\\Http\\Middleware\\TrustProxies.php(58): Illuminate\\Pipeline\\Pipeline->Illuminate\\Pipeline\\{closure}()
#54 C:\\Users\\cjose\\Documents\\GitHub\\DICT-HELPDESK\\vendor\\laravel\\framework\\src\\Illuminate\\Pipeline\\Pipeline.php(209): Illuminate\\Http\\Middleware\\TrustProxies->handle()
#55 C:\\Users\\cjose\\Documents\\GitHub\\DICT-HELPDESK\\vendor\\laravel\\framework\\src\\Illuminate\\Foundation\\Http\\Middleware\\InvokeDeferredCallbacks.php(22): Illuminate\\Pipeline\\Pipeline->Illuminate\\Pipeline\\{closure}()
#56 C:\\Users\\cjose\\Documents\\GitHub\\DICT-HELPDESK\\vendor\\laravel\\framework\\src\\Illuminate\\Pipeline\\Pipeline.php(209): Illuminate\\Foundation\\Http\\Middleware\\InvokeDeferredCallbacks->handle()
#57 C:\\Users\\cjose\\Documents\\GitHub\\DICT-HELPDESK\\vendor\\laravel\\framework\\src\\Illuminate\\Pipeline\\Pipeline.php(127): Illuminate\\Pipeline\\Pipeline->Illuminate\\Pipeline\\{closure}()
#58 C:\\Users\\cjose\\Documents\\GitHub\\DICT-HELPDESK\\vendor\\laravel\\framework\\src\\Illuminate\\Foundation\\Http\\Kernel.php(176): Illuminate\\Pipeline\\Pipeline->then()
#59 C:\\Users\\cjose\\Documents\\GitHub\\DICT-HELPDESK\\vendor\\laravel\\framework\\src\\Illuminate\\Foundation\\Http\\Kernel.php(145): Illuminate\\Foundation\\Http\\Kernel->sendRequestThroughRouter()
#60 C:\\Users\\cjose\\Documents\\GitHub\\DICT-HELPDESK\\public\\index.php(51): Illuminate\\Foundation\\Http\\Kernel->handle()
#61 C:\\Users\\cjose\\Documents\\GitHub\\DICT-HELPDESK\\vendor\\laravel\\framework\\src\\Illuminate\\Foundation\\resources\\server.php(23): require_once('...')
#62 {main}

[previous exception] [object] (PDOException(code: 23514): SQLSTATE[23514]: Check violation: 7 ERROR:  new row for relation \"users\" violates check constraint \"users_role_check\"
DETAIL:  Failing row contains (10, TestDelete, TestDelete@gmail.com, 12341234123, iOne, null, $2y$12$gjuclHyUDSyfUkwNg2OvMOJZeGjrhqEUm8AfqfFWKECwCTNo8uzdG, t, null, 2026-02-23 05:37:27, 2026-02-23 09:00:31, technical). at C:\\Users\\cjose\\Documents\\GitHub\\DICT-HELPDESK\\vendor\\laravel\\framework\\src\\Illuminate\\Database\\Connection.php:596)
[stacktrace]
#0 C:\\Users\\cjose\\Documents\\GitHub\\DICT-HELPDESK\\vendor\\laravel\\framework\\src\\Illuminate\\Database\\Connection.php(596): PDOStatement->execute()
#1 C:\\Users\\cjose\\Documents\\GitHub\\DICT-HELPDESK\\vendor\\laravel\\framework\\src\\Illuminate\\Database\\Connection.php(812): Illuminate\\Database\\Connection->Illuminate\\Database\\{closure}()
#2 C:\\Users\\cjose\\Documents\\GitHub\\DICT-HELPDESK\\vendor\\laravel\\framework\\src\\Illuminate\\Database\\Connection.php(779): Illuminate\\Database\\Connection->runQueryCallback()
#3 C:\\Users\\cjose\\Documents\\GitHub\\DICT-HELPDESK\\vendor\\laravel\\framework\\src\\Illuminate\\Database\\Connection.php(584): Illuminate\\Database\\Connection->run()
#4 C:\\Users\\cjose\\Documents\\GitHub\\DICT-HELPDESK\\vendor\\laravel\\framework\\src\\Illuminate\\Database\\Connection.php(536): Illuminate\\Database\\Connection->affectingStatement()
#5 C:\\Users\\cjose\\Documents\\GitHub\\DICT-HELPDESK\\vendor\\laravel\\framework\\src\\Illuminate\\Database\\Query\\Builder.php(3830): Illuminate\\Database\\Connection->update()
#6 C:\\Users\\cjose\\Documents\\GitHub\\DICT-HELPDESK\\vendor\\laravel\\framework\\src\\Illuminate\\Database\\Eloquent\\Builder.php(1175): Illuminate\\Database\\Query\\Builder->update()
#7 C:\\Users\\cjose\\Documents\\GitHub\\DICT-HELPDESK\\vendor\\laravel\\framework\\src\\Illuminate\\Database\\Eloquent\\Model.php(1239): Illuminate\\Database\\Eloquent\\Builder->update()
#8 C:\\Users\\cjose\\Documents\\GitHub\\DICT-HELPDESK\\vendor\\laravel\\framework\\src\\Illuminate\\Database\\Eloquent\\Model.php(1156): Illuminate\\Database\\Eloquent\\Model->performUpdate()
#9 C:\\Users\\cjose\\Documents\\GitHub\\DICT-HELPDESK\\vendor\\laravel\\framework\\src\\Illuminate\\Database\\Eloquent\\Model.php(1014): Illuminate\\Database\\Eloquent\\Model->save()
#10 C:\\Users\\cjose\\Documents\\GitHub\\DICT-HELPDESK\\app\\Http\\Controllers\\Admin\\UserManagementController.php(208): Illuminate\\Database\\Eloquent\\Model->update()
#11 C:\\Users\\cjose\\Documents\\GitHub\\DICT-HELPDESK\\vendor\\laravel\\framework\\src\\Illuminate\\Routing\\Controller.php(54): App\\Http\\Controllers\\Admin\\UserManagementController->update()
#12 C:\\Users\\cjose\\Documents\\GitHub\\DICT-HELPDESK\\vendor\\laravel\\framework\\src\\Illuminate\\Routing\\ControllerDispatcher.php(44): Illuminate\\Routing\\Controller->callAction()
#13 C:\\Users\\cjose\\Documents\\GitHub\\DICT-HELPDESK\\vendor\\laravel\\framework\\src\\Illuminate\\Routing\\Route.php(266): Illuminate\\Routing\\ControllerDispatcher->dispatch()
#14 C:\\Users\\cjose\\Documents\\GitHub\\DICT-HELPDESK\\vendor\\laravel\\framework\\src\\Illuminate\\Routing\\Route.php(212): Illuminate\\Routing\\Route->runController()
#15 C:\\Users\\cjose\\Documents\\GitHub\\DICT-HELPDESK\\vendor\\laravel\\framework\\src\\Illuminate\\Routing\\Router.php(808): Illuminate\\Routing\\Route->run()
#16 C:\\Users\\cjose\\Documents\\GitHub\\DICT-HELPDESK\\vendor\\laravel\\framework\\src\\Illuminate\\Pipeline\\Pipeline.php(170): Illuminate\\Routing\\Router->Illuminate\\Routing\\{closure}()
#17 C:\\Users\\cjose\\Documents\\GitHub\\DICT-HELPDESK\\app\\Http\\Middleware\\RoleMiddleware.php(29): Illuminate\\Pipeline\\Pipeline->Illuminate\\Pipeline\\{closure}()
#18 C:\\Users\\cjose\\Documents\\GitHub\\DICT-HELPDESK\\vendor\\laravel\\framework\\src\\Illuminate\\Pipeline\\Pipeline.php(209): App\\Http\\Middleware\\RoleMiddleware->handle()
#19 C:\\Users\\cjose\\Documents\\GitHub\\DICT-HELPDESK\\app\\Http\\Middleware\\RoleMiddleware.php(29): Illuminate\\Pipeline\\Pipeline->Illuminate\\Pipeline\\{closure}()
#20 C:\\Users\\cjose\\Documents\\GitHub\\DICT-HELPDESK\\vendor\\laravel\\framework\\src\\Illuminate\\Pipeline\\Pipeline.php(209): App\\Http\\Middleware\\RoleMiddleware->handle()
#21 C:\\Users\\cjose\\Documents\\GitHub\\DICT-HELPDESK\\vendor\\laravel\\framework\\src\\Illuminate\\Routing\\Middleware\\SubstituteBindings.php(51): Illuminate\\Pipeline\\Pipeline->Illuminate\\Pipeline\\{closure}()
#22 C:\\Users\\cjose\\Documents\\GitHub\\DICT-HELPDESK\\vendor\\laravel\\framework\\src\\Illuminate\\Pipeline\\Pipeline.php(209): Illuminate\\Routing\\Middleware\\SubstituteBindings->handle()
#23 C:\\Users\\cjose\\Documents\\GitHub\\DICT-HELPDESK\\vendor\\laravel\\framework\\src\\Illuminate\\Auth\\Middleware\\Authenticate.php(64): Illuminate\\Pipeline\\Pipeline->Illuminate\\Pipeline\\{closure}()
#24 C:\\Users\\cjose\\Documents\\GitHub\\DICT-HELPDESK\\vendor\\laravel\\framework\\src\\Illuminate\\Pipeline\\Pipeline.php(209): Illuminate\\Auth\\Middleware\\Authenticate->handle()
#25 C:\\Users\\cjose\\Documents\\GitHub\\DICT-HELPDESK\\vendor\\laravel\\framework\\src\\Illuminate\\Foundation\\Http\\Middleware\\VerifyCsrfToken.php(88): Illuminate\\Pipeline\\Pipeline->Illuminate\\Pipeline\\{closure}()
#26 C:\\Users\\cjose\\Documents\\GitHub\\DICT-HELPDESK\\vendor\\laravel\\framework\\src\\Illuminate\\Pipeline\\Pipeline.php(209): Illuminate\\Foundation\\Http\\Middleware\\VerifyCsrfToken->handle()
#27 C:\\Users\\cjose\\Documents\\GitHub\\DICT-HELPDESK\\vendor\\laravel\\framework\\src\\Illuminate\\View\\Middleware\\ShareErrorsFromSession.php(49): Illuminate\\Pipeline\\Pipeline->Illuminate\\Pipeline\\{closure}()
#28 C:\\Users\\cjose\\Documents\\GitHub\\DICT-HELPDESK\\vendor\\laravel\\framework\\src\\Illuminate\\Pipeline\\Pipeline.php(209): Illuminate\\View\\Middleware\\ShareErrorsFromSession->handle()
#29 C:\\Users\\cjose\\Documents\\GitHub\\DICT-HELPDESK\\vendor\\laravel\\framework\\src\\Illuminate\\Session\\Middleware\\StartSession.php(121): Illuminate\\Pipeline\\Pipeline->Illuminate\\Pipeline\\{closure}()
#30 C:\\Users\\cjose\\Documents\\GitHub\\DICT-HELPDESK\\vendor\\laravel\\framework\\src\\Illuminate\\Session\\Middleware\\StartSession.php(64): Illuminate\\Session\\Middleware\\StartSession->handleStatefulRequest()
#31 C:\\Users\\cjose\\Documents\\GitHub\\DICT-HELPDESK\\vendor\\laravel\\framework\\src\\Illuminate\\Pipeline\\Pipeline.php(209): Illuminate\\Session\\Middleware\\StartSession->handle()
#32 C:\\Users\\cjose\\Documents\\GitHub\\DICT-HELPDESK\\vendor\\laravel\\framework\\src\\Illuminate\\Cookie\\Middleware\\AddQueuedCookiesToResponse.php(37): Illuminate\\Pipeline\\Pipeline->Illuminate\\Pipeline\\{closure}()
#33 C:\\Users\\cjose\\Documents\\GitHub\\DICT-HELPDESK\\vendor\\laravel\\framework\\src\\Illuminate\\Pipeline\\Pipeline.php(209): Illuminate\\Cookie\\Middleware\\AddQueuedCookiesToResponse->handle()
#34 C:\\Users\\cjose\\Documents\\GitHub\\DICT-HELPDESK\\vendor\\laravel\\framework\\src\\Illuminate\\Cookie\\Middleware\\EncryptCookies.php(75): Illuminate\\Pipeline\\Pipeline->Illuminate\\Pipeline\\{closure}()
#35 C:\\Users\\cjose\\Documents\\GitHub\\DICT-HELPDESK\\vendor\\laravel\\framework\\src\\Illuminate\\Pipeline\\Pipeline.php(209): Illuminate\\Cookie\\Middleware\\EncryptCookies->handle()
#36 C:\\Users\\cjose\\Documents\\GitHub\\DICT-HELPDESK\\vendor\\laravel\\framework\\src\\Illuminate\\Pipeline\\Pipeline.php(127): Illuminate\\Pipeline\\Pipeline->Illuminate\\Pipeline\\{closure}()
#37 C:\\Users\\cjose\\Documents\\GitHub\\DICT-HELPDESK\\vendor\\laravel\\framework\\src\\Illuminate\\Routing\\Router.php(807): Illuminate\\Pipeline\\Pipeline->then()
#38 C:\\Users\\cjose\\Documents\\GitHub\\DICT-HELPDESK\\vendor\\laravel\\framework\\src\\Illuminate\\Routing\\Router.php(786): Illuminate\\Routing\\Router->runRouteWithinStack()
#39 C:\\Users\\cjose\\Documents\\GitHub\\DICT-HELPDESK\\vendor\\laravel\\framework\\src\\Illuminate\\Routing\\Router.php(750): Illuminate\\Routing\\Router->runRoute()
#40 C:\\Users\\cjose\\Documents\\GitHub\\DICT-HELPDESK\\vendor\\laravel\\framework\\src\\Illuminate\\Routing\\Router.php(739): Illuminate\\Routing\\Router->dispatchToRoute()
#41 C:\\Users\\cjose\\Documents\\GitHub\\DICT-HELPDESK\\vendor\\laravel\\framework\\src\\Illuminate\\Foundation\\Http\\Kernel.php(201): Illuminate\\Routing\\Router->dispatch()
#42 C:\\Users\\cjose\\Documents\\GitHub\\DICT-HELPDESK\\vendor\\laravel\\framework\\src\\Illuminate\\Pipeline\\Pipeline.php(170): Illuminate\\Foundation\\Http\\Kernel->Illuminate\\Foundation\\Http\\{closure}()
#43 C:\\Users\\cjose\\Documents\\GitHub\\DICT-HELPDESK\\vendor\\laravel\\framework\\src\\Illuminate\\Foundation\\Http\\Middleware\\TransformsRequest.php(21): Illuminate\\Pipeline\\Pipeline->Illuminate\\Pipeline\\{closure}()
#44 C:\\Users\\cjose\\Documents\\GitHub\\DICT-HELPDESK\\vendor\\laravel\\framework\\src\\Illuminate\\Foundation\\Http\\Middleware\\ConvertEmptyStringsToNull.php(31): Illuminate\\Foundation\\Http\\Middleware\\TransformsRequest->handle()
#45 C:\\Users\\cjose\\Documents\\GitHub\\DICT-HELPDESK\\vendor\\laravel\\framework\\src\\Illuminate\\Pipeline\\Pipeline.php(209): Illuminate\\Foundation\\Http\\Middleware\\ConvertEmptyStringsToNull->handle()
#46 C:\\Users\\cjose\\Documents\\GitHub\\DICT-HELPDESK\\vendor\\laravel\\framework\\src\\Illuminate\\Foundation\\Http\\Middleware\\TransformsRequest.php(21): Illuminate\\Pipeline\\Pipeline->Illuminate\\Pipeline\\{closure}()
#47 C:\\Users\\cjose\\Documents\\GitHub\\DICT-HELPDESK\\vendor\\laravel\\framework\\src\\Illuminate\\Foundation\\Http\\Middleware\\TrimStrings.php(51): Illuminate\\Foundation\\Http\\Middleware\\TransformsRequest->handle()
#48 C:\\Users\\cjose\\Documents\\GitHub\\DICT-HELPDESK\\vendor\\laravel\\framework\\src\\Illuminate\\Pipeline\\Pipeline.php(209): Illuminate\\Foundation\\Http\\Middleware\\TrimStrings->handle()
#49 C:\\Users\\cjose\\Documents\\GitHub\\DICT-HELPDESK\\vendor\\laravel\\framework\\src\\Illuminate\\Http\\Middleware\\ValidatePostSize.php(27): Illuminate\\Pipeline\\Pipeline->Illuminate\\Pipeline\\{closure}()
#50 C:\\Users\\cjose\\Documents\\GitHub\\DICT-HELPDESK\\vendor\\laravel\\framework\\src\\Illuminate\\Pipeline\\Pipeline.php(209): Illuminate\\Http\\Middleware\\ValidatePostSize->handle()
#51 C:\\Users\\cjose\\Documents\\GitHub\\DICT-HELPDESK\\vendor\\laravel\\framework\\src\\Illuminate\\Foundation\\Http\\Middleware\\PreventRequestsDuringMaintenance.php(110): Illuminate\\Pipeline\\Pipeline->Illuminate\\Pipeline\\{closure}()
#52 C:\\Users\\cjose\\Documents\\GitHub\\DICT-HELPDESK\\vendor\\laravel\\framework\\src\\Illuminate\\Pipeline\\Pipeline.php(209): Illuminate\\Foundation\\Http\\Middleware\\PreventRequestsDuringMaintenance->handle()
#53 C:\\Users\\cjose\\Documents\\GitHub\\DICT-HELPDESK\\vendor\\laravel\\framework\\src\\Illuminate\\Http\\Middleware\\HandleCors.php(49): Illuminate\\Pipeline\\Pipeline->Illuminate\\Pipeline\\{closure}()
#54 C:\\Users\\cjose\\Documents\\GitHub\\DICT-HELPDESK\\vendor\\laravel\\framework\\src\\Illuminate\\Pipeline\\Pipeline.php(209): Illuminate\\Http\\Middleware\\HandleCors->handle()
#55 C:\\Users\\cjose\\Documents\\GitHub\\DICT-HELPDESK\\vendor\\laravel\\framework\\src\\Illuminate\\Http\\Middleware\\TrustProxies.php(58): Illuminate\\Pipeline\\Pipeline->Illuminate\\Pipeline\\{closure}()
#56 C:\\Users\\cjose\\Documents\\GitHub\\DICT-HELPDESK\\vendor\\laravel\\framework\\src\\Illuminate\\Pipeline\\Pipeline.php(209): Illuminate\\Http\\Middleware\\TrustProxies->handle()
#57 C:\\Users\\cjose\\Documents\\GitHub\\DICT-HELPDESK\\vendor\\laravel\\framework\\src\\Illuminate\\Foundation\\Http\\Middleware\\InvokeDeferredCallbacks.php(22): Illuminate\\Pipeline\\Pipeline->Illuminate\\Pipeline\\{closure}()
#58 C:\\Users\\cjose\\Documents\\GitHub\\DICT-HELPDESK\\vendor\\laravel\\framework\\src\\Illuminate\\Pipeline\\Pipeline.php(209): Illuminate\\Foundation\\Http\\Middleware\\InvokeDeferredCallbacks->handle()
#59 C:\\Users\\cjose\\Documents\\GitHub\\DICT-HELPDESK\\vendor\\laravel\\framework\\src\\Illuminate\\Pipeline\\Pipeline.php(127): Illuminate\\Pipeline\\Pipeline->Illuminate\\Pipeline\\{closure}()
#60 C:\\Users\\cjose\\Documents\\GitHub\\DICT-HELPDESK\\vendor\\laravel\\framework\\src\\Illuminate\\Foundation\\Http\\Kernel.php(176): Illuminate\\Pipeline\\Pipeline->then()
#61 C:\\Users\\cjose\\Documents\\GitHub\\DICT-HELPDESK\\vendor\\laravel\\framework\\src\\Illuminate\\Foundation\\Http\\Kernel.php(145): Illuminate\\Foundation\\Http\\Kernel->sendRequestThroughRouter()
#62 C:\\Users\\cjose\\Documents\\GitHub\\DICT-HELPDESK\\public\\index.php(51): Illuminate\\Foundation\\Http\\Kernel->handle()
#63 C:\\Users\\cjose\\Documents\\GitHub\\DICT-HELPDESK\\vendor\\laravel\\framework\\src\\Illuminate\\Foundation\\resources\\server.php(23): require_once('...')
#64 {main}
"} 
